<?xml version="1.0" encoding="UTF-8"?>
<!-- Generated by org.testng.reporters.JUnitReportReporter -->
<testsuite hostname="ATMECSINLT-601" failures="0" tests="1" name="com.atmecs.falcon_framework.testscript.AtmecsContactUsTest" time="12.791" errors="0" timestamp="19 Nov 2020 10:01:36 GMT" skipped="0">
  <testcase classname="com.atmecs.falcon_framework.testscript.AtmecsContactUsTest" name="contactUsTest" time="12.791"/>
</testsuite> <!-- com.atmecs.falcon_framework.testscript.AtmecsContactUsTest -->
