<?xml version="1.0" encoding="UTF-8"?>
<!-- Generated by org.testng.reporters.JUnitReportReporter -->
<testsuite hostname="ATMECSINLT-601" failures="0" tests="1" name="com.atmecs.falcon_framework.testscript.FillingChatBox" time="59.157" errors="0" timestamp="24 Nov 2020 10:02:34 GMT" skipped="0">
  <testcase classname="com.atmecs.falcon_framework.testscript.FillingChatBox" name="sampleTest" time="59.157"/>
</testsuite> <!-- com.atmecs.falcon_framework.testscript.FillingChatBox -->
