<?xml version="1.0" encoding="UTF-8"?>
<!-- Generated by org.testng.reporters.JUnitReportReporter -->
<testsuite hostname="ATMECSINLT-601" failures="0" tests="1" name="com.atmecs.falcon_framework.testscript.SampleTestScript" time="13.657" errors="0" timestamp="13 Nov 2020 10:48:14 GMT" skipped="0">
  <testcase classname="com.atmecs.falcon_framework.testscript.SampleTestScript" name="sampleTest" time="13.657"/>
</testsuite> <!-- com.atmecs.falcon_framework.testscript.SampleTestScript -->
