<?xml version="1.0" encoding="UTF-8"?>
<!-- Generated by org.testng.reporters.JUnitReportReporter -->
<testsuite hostname="ATMECSINLT-601" failures="0" tests="1" name="com.atmecs.falcon_framework.testscript.FillingChatBox" time="10.472" errors="0" timestamp="19 Nov 2020 10:25:39 GMT" skipped="0">
  <testcase classname="com.atmecs.falcon_framework.testscript.FillingChatBox" name="sampleTest" time="10.472"/>
</testsuite> <!-- com.atmecs.falcon_framework.testscript.FillingChatBox -->
