<?xml version="1.0" encoding="UTF-8"?>
<!-- Generated by org.testng.reporters.JUnitReportReporter -->
<testsuite hostname="ATMECSINLT-601" failures="0" tests="1" name="com.atmecs.falcon_framework.testscript.FillingChatBox" time="64.279" errors="0" timestamp="25 Nov 2020 07:39:44 GMT" skipped="0">
  <testcase classname="com.atmecs.falcon_framework.testscript.FillingChatBox" name="sampleTest" time="64.279"/>
</testsuite> <!-- com.atmecs.falcon_framework.testscript.FillingChatBox -->
